============================= test session starts =============================
platform win32 -- Python 3.13.13, pytest-9.1.0, pluggy-1.6.0
rootdir: C:\Users\singh\AppData\Local\Temp\claude\C--Users-singh-OneDrive-Documents-AI-Engineer\387495e5-5304-4a0d-bd91-a852082f81ab\scratchpad\peer2
configfile: pyproject.toml
plugins: anyio-4.12.0, langsmith-0.8.15, asyncio-1.4.0, cov-7.1.0
asyncio: mode=Mode.STRICT, debug=False, asyncio_default_fixture_loop_scope=None, asyncio_default_test_loop_scope=function
collected 33 items

tests\test_data_validation.py ...                                        [  9%]
tests\test_integration_api.py .....                                      [ 24%]
tests\test_model_inference.py .............                              [ 63%]
tests\test_model_training.py .......                                     [ 84%]
tests\test_unit_features.py .....                                        [100%]

============================== warnings summary ===============================
tests/test_integration_api.py::test_health_endpoint_reports_a_loaded_model
  C:\Users\singh\AppData\Local\Programs\Python\Python313\Lib\site-packages\fastapi\testclient.py:1: StarletteDeprecationWarning: Using `httpx` with `starlette.testclient` is deprecated; install `httpx2` instead.
    from starlette.testclient import TestClient as TestClient  # noqa

-- Docs: https://docs.pytest.org/en/stable/how-to/capture-warnings.html
======================== 33 passed, 1 warning in 5.40s ========================
