........................................................................ [ 80%]
.................                                                        [100%]
============================== warnings summary ===============================
tests/test_integration_api.py::test_health_endpoint_reports_a_loaded_model
  C:\Users\singh\AppData\Local\Programs\Python\Python313\Lib\site-packages\fastapi\testclient.py:1: StarletteDeprecationWarning: Using `httpx` with `starlette.testclient` is deprecated; install `httpx2` instead.
    from starlette.testclient import TestClient as TestClient  # noqa

-- Docs: https://docs.pytest.org/en/stable/how-to/capture-warnings.html
=============================== tests coverage ================================
______________ coverage: platform win32, python 3.13.13-final-0 _______________

Name                                    Stmts   Miss  Cover   Missing
---------------------------------------------------------------------
src\loan_risk\__init__.py                   1      0   100%
src\loan_risk\api\__init__.py               0      0   100%
src\loan_risk\api\app.py                   44      3    93%   48, 82-83
src\loan_risk\api\schemas.py               52      0   100%
src\loan_risk\config.py                    75      6    92%   86, 127-130, 133
src\loan_risk\data\__init__.py              0      0   100%
src\loan_risk\data\ingestion.py            44      0   100%
src\loan_risk\data\validation.py           78      2    97%   86, 137
src\loan_risk\exceptions.py                11      0   100%
src\loan_risk\features\__init__.py          0      0   100%
src\loan_risk\features\engineering.py      44      2    95%   118, 131
src\loan_risk\logging_utils.py             35      1    97%   66
src\loan_risk\models\__init__.py            0      0   100%
src\loan_risk\models\predictor.py          88      5    94%   75-76, 82-87
src\loan_risk\models\trainer.py           119     18    85%   107, 169-171, 190, 214, 236, 250-254, 268-276
src\loan_risk\monitoring\__init__.py        0      0   100%
src\loan_risk\monitoring\drift.py          68      7    90%   44, 74, 94, 104-107, 111, 127
---------------------------------------------------------------------
TOTAL                                     659     44    93%
89 passed, 1 warning in 30.26s
