............................................................             [100%]
============================== warnings summary ===============================
tests/test_integration_api.py::test_health_endpoint_reports_a_loaded_model
  C:\Users\singh\AppData\Local\Programs\Python\Python313\Lib\site-packages\fastapi\testclient.py:1: StarletteDeprecationWarning: Using `httpx` with `starlette.testclient` is deprecated; install `httpx2` instead.
    from starlette.testclient import TestClient as TestClient  # noqa

-- Docs: https://docs.pytest.org/en/stable/how-to/capture-warnings.html
=============================== tests coverage ================================
______________ coverage: platform win32, python 3.13.13-final-0 _______________

Name                                    Stmts   Miss  Cover   Missing
---------------------------------------------------------------------
src\loan_risk\__init__.py                   1      0   100%
src\loan_risk\api\__init__.py               0      0   100%
src\loan_risk\api\app.py                   44      3    93%   48, 82-83
src\loan_risk\api\schemas.py               52      0   100%
src\loan_risk\config.py                    75      7    91%   86, 92, 127-130, 133
src\loan_risk\data\__init__.py              0      0   100%
src\loan_risk\data\ingestion.py            44      3    93%   56-61
src\loan_risk\data\validation.py           78      4    95%   86, 137, 145-146
src\loan_risk\exceptions.py                11      0   100%
src\loan_risk\features\__init__.py          0      0   100%
src\loan_risk\features\engineering.py      44      3    93%   90, 118, 131
src\loan_risk\logging_utils.py             35      1    97%   66
src\loan_risk\models\__init__.py            0      0   100%
src\loan_risk\models\predictor.py          88      5    94%   75-76, 82-87
src\loan_risk\models\trainer.py           119     20    83%   107, 136-140, 169-171, 190, 214, 236, 250-254, 268-276
src\loan_risk\monitoring\__init__.py        0      0   100%
src\loan_risk\monitoring\drift.py          68      8    88%   44, 69, 74, 94, 104-107, 111, 127
---------------------------------------------------------------------
TOTAL                                     659     54    92%
60 passed, 1 warning in 11.56s
