============================= test session starts =============================
platform win32 -- Python 3.13.13, pytest-9.1.0, pluggy-1.6.0
rootdir: C:\Users\singh\OneDrive\Documents\BITS WILP\Sem 2\SEML\SEML Assignment 2\Group_84
configfile: pyproject.toml
plugins: anyio-4.12.0, langsmith-0.8.15, asyncio-1.4.0
asyncio: mode=Mode.STRICT, debug=False, asyncio_default_fixture_loop_scope=None, asyncio_default_test_loop_scope=function
collected 84 items

tests\test_data_validation.py ...............                            [ 17%]
tests\test_integration_api.py .....................                      [ 42%]
tests\test_model_inference.py .......................                    [ 70%]
tests\test_model_training.py ...........                                 [ 83%]
tests\test_unit_features.py ..............                               [100%]

============================== warnings summary ===============================
tests/test_integration_api.py::test_health_endpoint_reports_a_loaded_model
  C:\Users\singh\AppData\Local\Programs\Python\Python313\Lib\site-packages\fastapi\testclient.py:1: StarletteDeprecationWarning: Using `httpx` with `starlette.testclient` is deprecated; install `httpx2` instead.
    from starlette.testclient import TestClient as TestClient  # noqa

-- Docs: https://docs.pytest.org/en/stable/how-to/capture-warnings.html
======================== 84 passed, 1 warning in 8.81s ========================
